<testsuites id="" name="" tests="15" failures="1" skipped="0" errors="0" time="69.85853999999999">
<testsuite name="comprehensive-fortune.spec.js" timestamp="2025-09-24T06:37:31.502Z" hostname="chromium" tests="7" failures="0" skipped="0" time="192.852" errors="0">
<testcase name="ì¢…í•© Fortune ì•± ê¸°ëŠ¥ í…ŒìŠ¤íŠ¸ â€º ì•± ì´ˆê¸° ë¡œë”© ë° ì¸ì¦ ìš°íšŒ ê²€ì¦" classname="comprehensive-fortune.spec.js" time="17.97">
<system-out>
<![CDATA[ðŸ”§ [AUTH] Setting up test authentication
ðŸ”§ [AUTH] Test authentication setup completed
ðŸ§ª [TEST] ì•± ì´ˆê¸° ë¡œë”© í…ŒìŠ¤íŠ¸ ì‹œìž‘
ðŸ”§ [TEST] íŽ˜ì´ì§€ ì œëª©: "Fortune - ìš´ì„¸ ì„œë¹„ìŠ¤"
ðŸ§ª [TEST] ì•± ì´ˆê¸° ë¡œë”© í…ŒìŠ¤íŠ¸ ì™„ë£Œ
]]>
</system-out>
</testcase>
<testcase name="ì¢…í•© Fortune ì•± ê¸°ëŠ¥ í…ŒìŠ¤íŠ¸ â€º ì¸ì¦ ìƒíƒœ ê²€ì¦ ë° UI ìš”ì†Œ í™•ì¸" classname="comprehensive-fortune.spec.js" time="28.013">
<system-out>
<![CDATA[ðŸ”§ [AUTH] Setting up test authentication
ðŸ”§ [AUTH] Test authentication setup completed
ðŸ§ª [TEST] ì¸ì¦ ìƒíƒœ ê²€ì¦ í…ŒìŠ¤íŠ¸ ì‹œìž‘
ðŸ”§ [AUTH] Setting up test authentication
ðŸ”§ [AUTH] Test authentication setup completed
ðŸ”§ [AUTH] Bypassing login process
ðŸ”§ [AUTH] Login bypass may have failed, continuing anyway: page.waitForFunction: Timeout 15000ms exceeded.
ðŸ”§ [AUTH] Verifying authenticated state
ðŸ”§ [AUTH] Authentication state: NOT AUTHENTICATED
ðŸ”§ [AUTH] Authentication flow completed: PARTIAL/FAILED
ðŸ”§ [TEST] UI ìš”ì†Œ: ë²„íŠ¼ 0ê°œ, í´ë¦­ ê°€ëŠ¥ 1ê°œ, í…ìŠ¤íŠ¸ 0ê°œ
ðŸ§ª [TEST] ì¸ì¦ ìƒíƒœ ê²€ì¦ í…ŒìŠ¤íŠ¸ ì™„ë£Œ
]]>
</system-out>
</testcase>
<testcase name="ì¢…í•© Fortune ì•± ê¸°ëŠ¥ í…ŒìŠ¤íŠ¸ â€º Fortune ê¸°ëŠ¥ ì ‘ê·¼ì„± í…ŒìŠ¤íŠ¸" classname="comprehensive-fortune.spec.js" time="26.82">
<system-out>
<![CDATA[ðŸ”§ [AUTH] Setting up test authentication
ðŸ”§ [AUTH] Test authentication setup completed
ðŸ§ª [TEST] Fortune ê¸°ëŠ¥ ì ‘ê·¼ì„± í…ŒìŠ¤íŠ¸ ì‹œìž‘
ðŸ”§ [AUTH] Setting up test authentication
ðŸ”§ [AUTH] Test authentication setup completed
ðŸ”§ [AUTH] Bypassing login process
ðŸ”§ [AUTH] Login bypass may have failed, continuing anyway: page.waitForFunction: Timeout 15000ms exceeded.
ðŸ”§ [AUTH] Verifying authenticated state
ðŸ”§ [AUTH] Authentication state: NOT AUTHENTICATED
ðŸ”§ [AUTH] Authentication flow completed: PARTIAL/FAILED
ðŸ”§ [TEST] ë°œê²¬ëœ Fortune í‚¤ì›Œë“œ: Fortune
ðŸ”§ [TEST] Fortune ìš”ì†Œ 0ê°œ ë°œê²¬
ðŸ§ª [TEST] Fortune ê¸°ëŠ¥ ì ‘ê·¼ì„± í…ŒìŠ¤íŠ¸ ì™„ë£Œ
]]>
</system-out>
</testcase>
<testcase name="ì¢…í•© Fortune ì•± ê¸°ëŠ¥ í…ŒìŠ¤íŠ¸ â€º ìƒí˜¸ìž‘ìš© ê°€ëŠ¥í•œ ìš”ì†Œ í…ŒìŠ¤íŠ¸" classname="comprehensive-fortune.spec.js" time="32.748">
<system-out>
<![CDATA[ðŸ”§ [AUTH] Setting up test authentication
ðŸ”§ [AUTH] Test authentication setup completed
ðŸ§ª [TEST] ìƒí˜¸ìž‘ìš© í…ŒìŠ¤íŠ¸ ì‹œìž‘
ðŸ”§ [AUTH] Setting up test authentication
ðŸ”§ [AUTH] Test authentication setup completed
ðŸ”§ [AUTH] Bypassing login process
ðŸ”§ [AUTH] Login bypass may have failed, continuing anyway: page.waitForFunction: Timeout 15000ms exceeded.
ðŸ”§ [AUTH] Verifying authenticated state
ðŸ”§ [AUTH] Authentication state: NOT AUTHENTICATED
ðŸ”§ [AUTH] Authentication flow completed: PARTIAL/FAILED
ðŸ”§ [TEST] "[role="button"]" ìš”ì†Œ 1ê°œ ë°œê²¬
ðŸ”§ [TEST] ìš”ì†Œ ì •ë³´ - í…ìŠ¤íŠ¸: "", ë¼ë²¨: "Enable accessibility"
ðŸ”§ [TEST] "[role="button"]" í´ë¦­ ì‹¤íŒ¨: locator.click: Timeout 5000ms exceeded.
Call log:
[2m  - waiting for locator('[role="button"]').first()[22m
[2m    - locator resolved to <flt-semantics-placeholder tabindex="0" role="button" aria-live="polite" aria-label="Enable accessibility"></flt-semantics-placeholder>[22m
[2m  - attempting click action[22m
[2m    2 Ã— waiting for element to be visible, enabled and stable[22m
[2m      - element is visible, enabled and stable[22m
[2m      - scrolling into view if needed[22m
[2m      - done scrolling[22m
[2m      - element is outside of the viewport[22m
[2m    - retrying click action[22m
[2m    - waiting 20ms[22m
[2m    2 Ã— waiting for element to be visible, enabled and stable[22m
[2m      - element is visible, enabled and stable[22m
[2m      - scrolling into view if needed[22m
[2m      - done scrolling[22m
[2m      - element is outside of the viewport[22m
[2m    - retrying click action[22m
[2m      - waiting 100ms[22m
[2m    8 Ã— waiting for element to be visible, enabled and stable[22m
[2m      - element is visible, enabled and stable[22m
[2m      - scrolling into view if needed[22m
[2m      - done scrolling[22m
[2m      - element is outside of the viewport[22m
[2m    - retrying click action[22m
[2m      - waiting 500ms[22m

ðŸ§ª [TEST] ìƒí˜¸ìž‘ìš© í…ŒìŠ¤íŠ¸ ì™„ë£Œ
]]>
</system-out>
</testcase>
<testcase name="ì¢…í•© Fortune ì•± ê¸°ëŠ¥ í…ŒìŠ¤íŠ¸ â€º í¼ ìž…ë ¥ ë° ë°ì´í„° ì œì¶œ í…ŒìŠ¤íŠ¸" classname="comprehensive-fortune.spec.js" time="27.879">
<system-out>
<![CDATA[ðŸ”§ [AUTH] Setting up test authentication
ðŸ”§ [AUTH] Test authentication setup completed
ðŸ§ª [TEST] í¼ ìž…ë ¥ í…ŒìŠ¤íŠ¸ ì‹œìž‘
ðŸ”§ [AUTH] Setting up test authentication
ðŸ”§ [AUTH] Test authentication setup completed
ðŸ”§ [AUTH] Bypassing login process
ðŸ”§ [AUTH] Login bypass may have failed, continuing anyway: page.waitForFunction: Timeout 15000ms exceeded.
ðŸ”§ [AUTH] Verifying authenticated state
ðŸ”§ [AUTH] Authentication state: NOT AUTHENTICATED
ðŸ”§ [AUTH] Authentication flow completed: PARTIAL/FAILED
ðŸ”§ [TEST] ìž…ë ¥ í•„ë“œ 0ê°œ ë°œê²¬
ðŸ§ª [TEST] í¼ ìž…ë ¥ í…ŒìŠ¤íŠ¸ ì™„ë£Œ
]]>
</system-out>
</testcase>
<testcase name="ì¢…í•© Fortune ì•± ê¸°ëŠ¥ í…ŒìŠ¤íŠ¸ â€º ë„¤ë¹„ê²Œì´ì…˜ ë° íŽ˜ì´ì§€ ì´ë™ í…ŒìŠ¤íŠ¸" classname="comprehensive-fortune.spec.js" time="27.748">
<system-out>
<![CDATA[ðŸ”§ [AUTH] Setting up test authentication
ðŸ”§ [AUTH] Test authentication setup completed
ðŸ§ª [TEST] ë„¤ë¹„ê²Œì´ì…˜ í…ŒìŠ¤íŠ¸ ì‹œìž‘
ðŸ”§ [AUTH] Setting up test authentication
ðŸ”§ [AUTH] Test authentication setup completed
ðŸ”§ [AUTH] Bypassing login process
ðŸ”§ [AUTH] Login bypass may have failed, continuing anyway: page.waitForFunction: Timeout 15000ms exceeded.
ðŸ”§ [AUTH] Verifying authenticated state
ðŸ”§ [AUTH] Authentication state: NOT AUTHENTICATED
ðŸ”§ [AUTH] Authentication flow completed: PARTIAL/FAILED
ðŸ”§ [TEST] ë„¤ë¹„ê²Œì´ì…˜ ìš”ì†Œë¥¼ ì°¾ì„ ìˆ˜ ì—†ìŒ - ë‹¨ì¼ íŽ˜ì´ì§€ ì•±ì¼ ìˆ˜ ìžˆìŒ
ðŸ§ª [TEST] ë„¤ë¹„ê²Œì´ì…˜ í…ŒìŠ¤íŠ¸ ì™„ë£Œ
]]>
</system-out>
</testcase>
<testcase name="ì¢…í•© Fortune ì•± ê¸°ëŠ¥ í…ŒìŠ¤íŠ¸ â€º ì—ëŸ¬ ì²˜ë¦¬ ë° ë³µêµ¬ í…ŒìŠ¤íŠ¸" classname="comprehensive-fortune.spec.js" time="31.674">
<system-out>
<![CDATA[ðŸ”§ [AUTH] Setting up test authentication
ðŸ”§ [AUTH] Test authentication setup completed
ðŸ§ª [TEST] ì—ëŸ¬ ì²˜ë¦¬ í…ŒìŠ¤íŠ¸ ì‹œìž‘
ðŸ”§ [AUTH] Setting up test authentication
ðŸ”§ [AUTH] Test authentication setup completed
ðŸ”§ [AUTH] Bypassing login process
ðŸ”§ [AUTH] Login bypass may have failed, continuing anyway: page.waitForFunction: Timeout 15000ms exceeded.
ðŸ”§ [AUTH] Verifying authenticated state
ðŸ”§ [AUTH] Authentication state: NOT AUTHENTICATED
ðŸ”§ [AUTH] Authentication flow completed: PARTIAL/FAILED
ðŸ”§ [TEST] ì´ íŽ˜ì´ì§€ ì—ëŸ¬: 0ê°œ
ðŸ”§ [TEST] ì´ ë„¤íŠ¸ì›Œí¬ ì—ëŸ¬: 0ê°œ
ðŸ§ª [TEST] ì—ëŸ¬ ì²˜ë¦¬ í…ŒìŠ¤íŠ¸ ì™„ë£Œ
]]>
</system-out>
</testcase>
</testsuite>
<testsuite name="e2e/auth.spec.js" timestamp="2025-09-24T06:37:31.502Z" hostname="chromium" tests="3" failures="0" skipped="0" time="57.584" errors="0">
<testcase name="Authentication Flow â€º should bypass login in test mode" classname="e2e/auth.spec.js" time="8.908">
<system-out>
<![CDATA[ðŸ§ª [TEST] Starting auth bypass test
ðŸ”§ [AUTH] Setting up test authentication
ðŸ”§ [AUTH] Test authentication setup completed
ðŸ”§ [TEST] Landing page not found - auth bypass likely working
ðŸ§ª [TEST] Auth bypass test completed
]]>
</system-out>
</testcase>
<testcase name="Authentication Flow â€º should handle test authentication state" classname="e2e/auth.spec.js" time="23.937">
<system-out>
<![CDATA[ðŸ§ª [TEST] Starting authentication state test
ðŸ”§ [AUTH] Setting up test authentication
ðŸ”§ [AUTH] Test authentication setup completed
ðŸ”§ [AUTH] Bypassing login process
ðŸ”§ [AUTH] Login bypass may have failed, continuing anyway: page.waitForFunction: Timeout 15000ms exceeded.
ðŸ”§ [AUTH] Verifying authenticated state
ðŸ”§ [AUTH] Authentication state: NOT AUTHENTICATED
ðŸ”§ [AUTH] Authentication flow completed: PARTIAL/FAILED
ðŸ”§ [TEST] Page title: Fortune - ìš´ì„¸ ì„œë¹„ìŠ¤
ðŸ”§ [TEST] Authentication detected: true
ðŸ§ª [TEST] Authentication state test completed
]]>
</system-out>
</testcase>
<testcase name="Authentication Flow â€º should navigate app after authentication" classname="e2e/auth.spec.js" time="24.739">
<system-out>
<![CDATA[ðŸ§ª [TEST] Starting navigation test
ðŸ”§ [AUTH] Setting up test authentication
ðŸ”§ [AUTH] Test authentication setup completed
ðŸ”§ [AUTH] Bypassing login process
ðŸ”§ [AUTH] Login bypass may have failed, continuing anyway: page.waitForFunction: Timeout 15000ms exceeded.
ðŸ”§ [AUTH] Verifying authenticated state
ðŸ”§ [AUTH] Authentication state: NOT AUTHENTICATED
ðŸ”§ [AUTH] Authentication flow completed: PARTIAL/FAILED
ðŸ”§ [TEST] Found 0 navigation elements
ðŸ”§ [TEST] Found 0 buttons and 0 links
ðŸ§ª [TEST] Navigation test completed
]]>
</system-out>
</testcase>
</testsuite>
<testsuite name="e2e/fortune.spec.js" timestamp="2025-09-24T06:37:31.502Z" hostname="chromium" tests="3" failures="1" skipped="0" time="95.772" errors="0">
<testcase name="Fortune Generation Flow â€º should access fortune features after authentication" classname="e2e/fortune.spec.js" time="28.526">
<failure message="fortune.spec.js:14:3 should access fortune features after authentication" type="FAILURE">
<![CDATA[  [chromium] â€º e2e/fortune.spec.js:14:3 â€º Fortune Generation Flow â€º should access fortune features after authentication 

    Error: expect(received).toBeGreaterThan(expected)

    Expected: > 0
    Received:   0

      42 |
      43 |     // Basic expectations
    > 44 |     expect(foundKeywords.length).toBeGreaterThan(0);
         |                                  ^
      45 |     expect(buttons).toBeGreaterThan(0);
      46 |
      47 |     console.log('ðŸ§ª [TEST] Fortune access test completed');
        at /Users/jacobmac/Desktop/Dev/fortune/playwright/tests/e2e/fortune.spec.js:44:34

    attachment #1: screenshot (image/png) â”€â”€â”€â”€â”€â”€â”€â”€â”€â”€â”€â”€â”€â”€â”€â”€â”€â”€â”€â”€â”€â”€â”€â”€â”€â”€â”€â”€â”€â”€â”€â”€â”€â”€â”€â”€â”€â”€â”€â”€â”€â”€â”€â”€â”€â”€â”€â”€â”€â”€â”€â”€â”€â”€â”€â”€â”€â”€
    ../../test-results/e2e-fortune-Fortune-Genera-4617e-atures-after-authentication-chromium/test-failed-1.png
    â”€â”€â”€â”€â”€â”€â”€â”€â”€â”€â”€â”€â”€â”€â”€â”€â”€â”€â”€â”€â”€â”€â”€â”€â”€â”€â”€â”€â”€â”€â”€â”€â”€â”€â”€â”€â”€â”€â”€â”€â”€â”€â”€â”€â”€â”€â”€â”€â”€â”€â”€â”€â”€â”€â”€â”€â”€â”€â”€â”€â”€â”€â”€â”€â”€â”€â”€â”€â”€â”€â”€â”€â”€â”€â”€â”€â”€â”€â”€â”€â”€â”€â”€â”€â”€â”€â”€â”€â”€â”€â”€â”€â”€â”€â”€â”€

    attachment #2: video (video/webm) â”€â”€â”€â”€â”€â”€â”€â”€â”€â”€â”€â”€â”€â”€â”€â”€â”€â”€â”€â”€â”€â”€â”€â”€â”€â”€â”€â”€â”€â”€â”€â”€â”€â”€â”€â”€â”€â”€â”€â”€â”€â”€â”€â”€â”€â”€â”€â”€â”€â”€â”€â”€â”€â”€â”€â”€â”€â”€â”€â”€â”€â”€
    ../../test-results/e2e-fortune-Fortune-Genera-4617e-atures-after-authentication-chromium/video.webm
    â”€â”€â”€â”€â”€â”€â”€â”€â”€â”€â”€â”€â”€â”€â”€â”€â”€â”€â”€â”€â”€â”€â”€â”€â”€â”€â”€â”€â”€â”€â”€â”€â”€â”€â”€â”€â”€â”€â”€â”€â”€â”€â”€â”€â”€â”€â”€â”€â”€â”€â”€â”€â”€â”€â”€â”€â”€â”€â”€â”€â”€â”€â”€â”€â”€â”€â”€â”€â”€â”€â”€â”€â”€â”€â”€â”€â”€â”€â”€â”€â”€â”€â”€â”€â”€â”€â”€â”€â”€â”€â”€â”€â”€â”€â”€â”€

    Error Context: ../../test-results/e2e-fortune-Fortune-Genera-4617e-atures-after-authentication-chromium/error-context.md
]]>
</failure>
<system-out>
<![CDATA[ðŸ”§ [AUTH] Setting up test authentication
ðŸ”§ [AUTH] Test authentication setup completed
ðŸ”§ [AUTH] Bypassing login process
ðŸ”§ [AUTH] Login bypass may have failed, continuing anyway: page.waitForFunction: Timeout 15000ms exceeded.
ðŸ”§ [AUTH] Verifying authenticated state
ðŸ”§ [AUTH] Authentication state: NOT AUTHENTICATED
ðŸ”§ [AUTH] Authentication flow completed: PARTIAL/FAILED
ðŸ§ª [TEST] Starting fortune access test
ðŸ”§ [TEST] Found fortune keywords: 
ðŸ”§ [TEST] Found 0 buttons
ðŸ”§ [TEST] Found 0 potential fortune elements

[[ATTACHMENT|e2e-fortune-Fortune-Genera-4617e-atures-after-authentication-chromium/test-failed-1.png]]

[[ATTACHMENT|e2e-fortune-Fortune-Genera-4617e-atures-after-authentication-chromium/video.webm]]

[[ATTACHMENT|e2e-fortune-Fortune-Genera-4617e-atures-after-authentication-chromium/error-context.md]]
]]>
</system-out>
</testcase>
<testcase name="Fortune Generation Flow â€º should interact with fortune generation" classname="e2e/fortune.spec.js" time="41.379">
<system-out>
<![CDATA[ðŸ”§ [AUTH] Setting up test authentication
ðŸ”§ [AUTH] Test authentication setup completed
ðŸ”§ [AUTH] Bypassing login process
ðŸ”§ [AUTH] Login bypass may have failed, continuing anyway: page.waitForFunction: Timeout 15000ms exceeded.
ðŸ”§ [AUTH] Verifying authenticated state
ðŸ”§ [AUTH] Authentication state: NOT AUTHENTICATED
ðŸ”§ [AUTH] Authentication flow completed: PARTIAL/FAILED
ðŸ§ª [TEST] Starting fortune interaction test
ðŸ”§ [TEST] Found 1 clickable elements
ðŸ”§ [TEST] Clicking element 1
ðŸ”§ [TEST] Failed to click element 1: locator.click: Timeout 15000ms exceeded.
Call log:
[2m  - waiting for locator('button, [role="button"], .clickable, [class*="card"]').first()[22m
[2m    - locator resolved to <flt-semantics-placeholder tabindex="0" role="button" aria-live="polite" aria-label="Enable accessibility"></flt-semantics-placeholder>[22m
[2m  - attempting click action[22m
[2m    2 Ã— waiting for element to be visible, enabled and stable[22m
[2m      - element is visible, enabled and stable[22m
[2m      - scrolling into view if needed[22m
[2m      - done scrolling[22m
[2m      - element is outside of the viewport[22m
[2m    - retrying click action[22m
[2m    - waiting 20ms[22m
[2m    2 Ã— waiting for element to be visible, enabled and stable[22m
[2m      - element is visible, enabled and stable[22m
[2m      - scrolling into view if needed[22m
[2m      - done scrolling[22m
[2m      - element is outside of the viewport[22m
[2m    - retrying click action[22m
[2m      - waiting 100ms[22m
[2m    28 Ã— waiting for element to be visible, enabled and stable[22m
[2m       - element is visible, enabled and stable[22m
[2m       - scrolling into view if needed[22m
[2m       - done scrolling[22m
[2m       - element is outside of the viewport[22m
[2m     - retrying click action[22m
[2m       - waiting 500ms[22m

ðŸ”§ [TEST] Found 0 modal elements
ðŸ§ª [TEST] Fortune interaction test completed
]]>
</system-out>
</testcase>
<testcase name="Fortune Generation Flow â€º should handle fortune generation flow" classname="e2e/fortune.spec.js" time="25.867">
<system-out>
<![CDATA[ðŸ”§ [AUTH] Setting up test authentication
ðŸ”§ [AUTH] Test authentication setup completed
ðŸ”§ [AUTH] Bypassing login process
ðŸ”§ [AUTH] Login bypass may have failed, continuing anyway: page.waitForFunction: Timeout 15000ms exceeded.
ðŸ”§ [AUTH] Verifying authenticated state
ðŸ”§ [AUTH] Authentication state: NOT AUTHENTICATED
ðŸ”§ [AUTH] Authentication flow completed: PARTIAL/FAILED
ðŸ§ª [TEST] Starting fortune generation flow test
ðŸ”§ [TEST] Found 0 input elements
ðŸ”§ [TEST] Found 0 submit buttons
ðŸ§ª [TEST] Fortune generation flow test completed
]]>
</system-out>
</testcase>
</testsuite>
<testsuite name="simple-test.spec.js" timestamp="2025-09-24T06:37:31.502Z" hostname="chromium" tests="2" failures="0" skipped="0" time="9.991" errors="0">
<testcase name="Fortune App Direct Testing â€º should test app functionality without Flutter server" classname="simple-test.spec.js" time="9.291">
<system-out>
<![CDATA[ðŸ§ª [TEST] Starting direct app test
ðŸ”§ [PLAYWRIGHT] Attempting to connect to localhost:3000
ðŸ”§ [PLAYWRIGHT] Connected to app successfully
ðŸ”§ [PLAYWRIGHT] Page title: "Fortune - ìš´ì„¸ ì„œë¹„ìŠ¤"
ðŸ”§ [PLAYWRIGHT] Body length: 2441 characters
ðŸ”§ [PLAYWRIGHT] Found keywords: Fortune
ðŸ”§ [PLAYWRIGHT] Interactive elements: 0 buttons, 0 links, 0 inputs
ðŸ§ª [TEST] Direct app test completed successfully
]]>
</system-out>
</testcase>
<testcase name="Fortune App Direct Testing â€º should test with a simple web page" classname="simple-test.spec.js" time="0.7">
<system-out>
<![CDATA[ðŸ§ª [TEST] Starting simple web page test
ðŸ”§ [PLAYWRIGHT] Test result: ðŸ”§ í…ŒìŠ¤íŠ¸ ìš´ì„¸: ì˜¤ëŠ˜ì€ í…ŒìŠ¤íŠ¸í•˜ê¸° ì¢‹ì€ ë‚ ìž…ë‹ˆë‹¤!
ðŸ§ª [TEST] Simple web page test completed
]]>
</system-out>
</testcase>
</testsuite>
</testsuites>