{
  "config": {
    "configFile": "/Users/jacobmac/Desktop/Dev/fortune/playwright.config.js",
    "rootDir": "/Users/jacobmac/Desktop/Dev/fortune/playwright/tests",
    "forbidOnly": false,
    "fullyParallel": true,
    "globalSetup": "/Users/jacobmac/Desktop/Dev/fortune/playwright/global-setup.js",
    "globalTeardown": "/Users/jacobmac/Desktop/Dev/fortune/playwright/global-teardown.js",
    "globalTimeout": 0,
    "grep": {},
    "grepInvert": null,
    "maxFailures": 0,
    "metadata": {
      "actualWorkers": 7
    },
    "preserveOutput": "always",
    "reporter": [
      [
        "html",
        null
      ],
      [
        "json",
        {
          "outputFile": "test-results/results.json"
        }
      ],
      [
        "junit",
        {
          "outputFile": "test-results/junit.xml"
        }
      ]
    ],
    "reportSlowTests": {
      "max": 5,
      "threshold": 300000
    },
    "quiet": false,
    "projects": [
      {
        "outputDir": "/Users/jacobmac/Desktop/Dev/fortune/test-results",
        "repeatEach": 1,
        "retries": 0,
        "metadata": {
          "actualWorkers": 7
        },
        "id": "chromium",
        "name": "chromium",
        "testDir": "/Users/jacobmac/Desktop/Dev/fortune/playwright/tests",
        "testIgnore": [],
        "testMatch": [
          "**/*.@(spec|test).?(c|m)[jt]s?(x)"
        ],
        "timeout": 60000
      },
      {
        "outputDir": "/Users/jacobmac/Desktop/Dev/fortune/test-results",
        "repeatEach": 1,
        "retries": 0,
        "metadata": {
          "actualWorkers": 7
        },
        "id": "firefox",
        "name": "firefox",
        "testDir": "/Users/jacobmac/Desktop/Dev/fortune/playwright/tests",
        "testIgnore": [],
        "testMatch": [
          "**/*.@(spec|test).?(c|m)[jt]s?(x)"
        ],
        "timeout": 60000
      },
      {
        "outputDir": "/Users/jacobmac/Desktop/Dev/fortune/test-results",
        "repeatEach": 1,
        "retries": 0,
        "metadata": {
          "actualWorkers": 7
        },
        "id": "webkit",
        "name": "webkit",
        "testDir": "/Users/jacobmac/Desktop/Dev/fortune/playwright/tests",
        "testIgnore": [],
        "testMatch": [
          "**/*.@(spec|test).?(c|m)[jt]s?(x)"
        ],
        "timeout": 60000
      },
      {
        "outputDir": "/Users/jacobmac/Desktop/Dev/fortune/test-results",
        "repeatEach": 1,
        "retries": 0,
        "metadata": {
          "actualWorkers": 7
        },
        "id": "Mobile Chrome",
        "name": "Mobile Chrome",
        "testDir": "/Users/jacobmac/Desktop/Dev/fortune/playwright/tests",
        "testIgnore": [],
        "testMatch": [
          "**/*.@(spec|test).?(c|m)[jt]s?(x)"
        ],
        "timeout": 60000
      },
      {
        "outputDir": "/Users/jacobmac/Desktop/Dev/fortune/test-results",
        "repeatEach": 1,
        "retries": 0,
        "metadata": {
          "actualWorkers": 7
        },
        "id": "Mobile Safari",
        "name": "Mobile Safari",
        "testDir": "/Users/jacobmac/Desktop/Dev/fortune/playwright/tests",
        "testIgnore": [],
        "testMatch": [
          "**/*.@(spec|test).?(c|m)[jt]s?(x)"
        ],
        "timeout": 60000
      }
    ],
    "shard": null,
    "updateSnapshots": "missing",
    "updateSourceMethod": "patch",
    "version": "1.55.1",
    "workers": 7,
    "webServer": null
  },
  "suites": [
    {
      "title": "comprehensive-fortune.spec.js",
      "file": "comprehensive-fortune.spec.js",
      "column": 0,
      "line": 0,
      "specs": [],
      "suites": [
        {
          "title": "ì¢…í•© Fortune ì•± ê¸°ëŠ¥ í…ŒìŠ¤íŠ¸",
          "file": "comprehensive-fortune.spec.js",
          "line": 5,
          "column": 6,
          "specs": [
            {
              "title": "ì•± ì´ˆê¸° ë¡œë”© ë° ì¸ì¦ ìš°íšŒ ê²€ì¦",
              "ok": true,
              "tags": [],
              "tests": [
                {
                  "timeout": 60000,
                  "annotations": [],
                  "expectedStatus": "passed",
                  "projectId": "chromium",
                  "projectName": "chromium",
                  "results": [
                    {
                      "workerIndex": 0,
                      "parallelIndex": 0,
                      "status": "passed",
                      "duration": 17970,
                      "errors": [],
                      "stdout": [
                        {
                          "text": "ğŸ”§ [AUTH] Setting up test authentication\n"
                        },
                        {
                          "text": "ğŸ”§ [AUTH] Test authentication setup completed\n"
                        },
                        {
                          "text": "ğŸ§ª [TEST] ì•± ì´ˆê¸° ë¡œë”© í…ŒìŠ¤íŠ¸ ì‹œì‘\n"
                        },
                        {
                          "text": "ğŸ”§ [TEST] í˜ì´ì§€ ì œëª©: \"Fortune - ìš´ì„¸ ì„œë¹„ìŠ¤\"\n"
                        },
                        {
                          "text": "ğŸ§ª [TEST] ì•± ì´ˆê¸° ë¡œë”© í…ŒìŠ¤íŠ¸ ì™„ë£Œ\n"
                        }
                      ],
                      "stderr": [],
                      "retry": 0,
                      "startTime": "2025-09-24T06:37:31.830Z",
                      "annotations": [],
                      "attachments": []
                    }
                  ],
                  "status": "expected"
                }
              ],
              "id": "2b80ba8fc4ef6b5ed590-514862bc4c43cb144587",
              "file": "comprehensive-fortune.spec.js",
              "line": 14,
              "column": 3
            },
            {
              "title": "ì¸ì¦ ìƒíƒœ ê²€ì¦ ë° UI ìš”ì†Œ í™•ì¸",
              "ok": true,
              "tags": [],
              "tests": [
                {
                  "timeout": 60000,
                  "annotations": [],
                  "expectedStatus": "passed",
                  "projectId": "chromium",
                  "projectName": "chromium",
                  "results": [
                    {
                      "workerIndex": 1,
                      "parallelIndex": 1,
                      "status": "passed",
                      "duration": 28013,
                      "errors": [],
                      "stdout": [
                        {
                          "text": "ğŸ”§ [AUTH] Setting up test authentication\n"
                        },
                        {
                          "text": "ğŸ”§ [AUTH] Test authentication setup completed\n"
                        },
                        {
                          "text": "ğŸ§ª [TEST] ì¸ì¦ ìƒíƒœ ê²€ì¦ í…ŒìŠ¤íŠ¸ ì‹œì‘\n"
                        },
                        {
                          "text": "ğŸ”§ [AUTH] Setting up test authentication\n"
                        },
                        {
                          "text": "ğŸ”§ [AUTH] Test authentication setup completed\n"
                        },
                        {
                          "text": "ğŸ”§ [AUTH] Bypassing login process\n"
                        },
                        {
                          "text": "ğŸ”§ [AUTH] Login bypass may have failed, continuing anyway: page.waitForFunction: Timeout 15000ms exceeded.\n"
                        },
                        {
                          "text": "ğŸ”§ [AUTH] Verifying authenticated state\n"
                        },
                        {
                          "text": "ğŸ”§ [AUTH] Authentication state: NOT AUTHENTICATED\n"
                        },
                        {
                          "text": "ğŸ”§ [AUTH] Authentication flow completed: PARTIAL/FAILED\n"
                        },
                        {
                          "text": "ğŸ”§ [TEST] UI ìš”ì†Œ: ë²„íŠ¼ 0ê°œ, í´ë¦­ ê°€ëŠ¥ 1ê°œ, í…ìŠ¤íŠ¸ 0ê°œ\n"
                        },
                        {
                          "text": "ğŸ§ª [TEST] ì¸ì¦ ìƒíƒœ ê²€ì¦ í…ŒìŠ¤íŠ¸ ì™„ë£Œ\n"
                        }
                      ],
                      "stderr": [],
                      "retry": 0,
                      "startTime": "2025-09-24T06:37:31.829Z",
                      "annotations": [],
                      "attachments": []
                    }
                  ],
                  "status": "expected"
                }
              ],
              "id": "2b80ba8fc4ef6b5ed590-0f1ec19ea9277955e0d9",
              "file": "comprehensive-fortune.spec.js",
              "line": 48,
              "column": 3
            },
            {
              "title": "Fortune ê¸°ëŠ¥ ì ‘ê·¼ì„± í…ŒìŠ¤íŠ¸",
              "ok": true,
              "tags": [],
              "tests": [
                {
                  "timeout": 60000,
                  "annotations": [],
                  "expectedStatus": "passed",
                  "projectId": "chromium",
                  "projectName": "chromium",
                  "results": [
                    {
                      "workerIndex": 2,
                      "parallelIndex": 2,
                      "status": "passed",
                      "duration": 26820,
                      "errors": [],
                      "stdout": [
                        {
                          "text": "ğŸ”§ [AUTH] Setting up test authentication\n"
                        },
                        {
                          "text": "ğŸ”§ [AUTH] Test authentication setup completed\n"
                        },
                        {
                          "text": "ğŸ§ª [TEST] Fortune ê¸°ëŠ¥ ì ‘ê·¼ì„± í…ŒìŠ¤íŠ¸ ì‹œì‘\n"
                        },
                        {
                          "text": "ğŸ”§ [AUTH] Setting up test authentication\n"
                        },
                        {
                          "text": "ğŸ”§ [AUTH] Test authentication setup completed\n"
                        },
                        {
                          "text": "ğŸ”§ [AUTH] Bypassing login process\n"
                        },
                        {
                          "text": "ğŸ”§ [AUTH] Login bypass may have failed, continuing anyway: page.waitForFunction: Timeout 15000ms exceeded.\n"
                        },
                        {
                          "text": "ğŸ”§ [AUTH] Verifying authenticated state\n"
                        },
                        {
                          "text": "ğŸ”§ [AUTH] Authentication state: NOT AUTHENTICATED\n"
                        },
                        {
                          "text": "ğŸ”§ [AUTH] Authentication flow completed: PARTIAL/FAILED\n"
                        },
                        {
                          "text": "ğŸ”§ [TEST] ë°œê²¬ëœ Fortune í‚¤ì›Œë“œ: Fortune\n"
                        },
                        {
                          "text": "ğŸ”§ [TEST] Fortune ìš”ì†Œ 0ê°œ ë°œê²¬\n"
                        },
                        {
                          "text": "ğŸ§ª [TEST] Fortune ê¸°ëŠ¥ ì ‘ê·¼ì„± í…ŒìŠ¤íŠ¸ ì™„ë£Œ\n"
                        }
                      ],
                      "stderr": [],
                      "retry": 0,
                      "startTime": "2025-09-24T06:37:31.829Z",
                      "annotations": [],
                      "attachments": []
                    }
                  ],
                  "status": "expected"
                }
              ],
              "id": "2b80ba8fc4ef6b5ed590-343decd4743011e6de95",
              "file": "comprehensive-fortune.spec.js",
              "line": 76,
              "column": 3
            },
            {
              "title": "ìƒí˜¸ì‘ìš© ê°€ëŠ¥í•œ ìš”ì†Œ í…ŒìŠ¤íŠ¸",
              "ok": true,
              "tags": [],
              "tests": [
                {
                  "timeout": 60000,
                  "annotations": [],
                  "expectedStatus": "passed",
                  "projectId": "chromium",
                  "projectName": "chromium",
                  "results": [
                    {
                      "workerIndex": 3,
                      "parallelIndex": 3,
                      "status": "passed",
                      "duration": 32748,
                      "errors": [],
                      "stdout": [
                        {
                          "text": "ğŸ”§ [AUTH] Setting up test authentication\n"
                        },
                        {
                          "text": "ğŸ”§ [AUTH] Test authentication setup completed\n"
                        },
                        {
                          "text": "ğŸ§ª [TEST] ìƒí˜¸ì‘ìš© í…ŒìŠ¤íŠ¸ ì‹œì‘\n"
                        },
                        {
                          "text": "ğŸ”§ [AUTH] Setting up test authentication\n"
                        },
                        {
                          "text": "ğŸ”§ [AUTH] Test authentication setup completed\n"
                        },
                        {
                          "text": "ğŸ”§ [AUTH] Bypassing login process\n"
                        },
                        {
                          "text": "ğŸ”§ [AUTH] Login bypass may have failed, continuing anyway: page.waitForFunction: Timeout 15000ms exceeded.\n"
                        },
                        {
                          "text": "ğŸ”§ [AUTH] Verifying authenticated state\n"
                        },
                        {
                          "text": "ğŸ”§ [AUTH] Authentication state: NOT AUTHENTICATED\n"
                        },
                        {
                          "text": "ğŸ”§ [AUTH] Authentication flow completed: PARTIAL/FAILED\n"
                        },
                        {
                          "text": "ğŸ”§ [TEST] \"[role=\"button\"]\" ìš”ì†Œ 1ê°œ ë°œê²¬\n"
                        },
                        {
                          "text": "ğŸ”§ [TEST] ìš”ì†Œ ì •ë³´ - í…ìŠ¤íŠ¸: \"\", ë¼ë²¨: \"Enable accessibility\"\n"
                        },
                        {
                          "text": "ğŸ”§ [TEST] \"[role=\"button\"]\" í´ë¦­ ì‹¤íŒ¨: locator.click: Timeout 5000ms exceeded.\nCall log:\n\u001b[2m  - waiting for locator('[role=\"button\"]').first()\u001b[22m\n\u001b[2m    - locator resolved to <flt-semantics-placeholder tabindex=\"0\" role=\"button\" aria-live=\"polite\" aria-label=\"Enable accessibility\"></flt-semantics-placeholder>\u001b[22m\n\u001b[2m  - attempting click action\u001b[22m\n\u001b[2m    2 Ã— waiting for element to be visible, enabled and stable\u001b[22m\n\u001b[2m      - element is visible, enabled and stable\u001b[22m\n\u001b[2m      - scrolling into view if needed\u001b[22m\n\u001b[2m      - done scrolling\u001b[22m\n\u001b[2m      - element is outside of the viewport\u001b[22m\n\u001b[2m    - retrying click action\u001b[22m\n\u001b[2m    - waiting 20ms\u001b[22m\n\u001b[2m    2 Ã— waiting for element to be visible, enabled and stable\u001b[22m\n\u001b[2m      - element is visible, enabled and stable\u001b[22m\n\u001b[2m      - scrolling into view if needed\u001b[22m\n\u001b[2m      - done scrolling\u001b[22m\n\u001b[2m      - element is outside of the viewport\u001b[22m\n\u001b[2m    - retrying click action\u001b[22m\n\u001b[2m      - waiting 100ms\u001b[22m\n\u001b[2m    8 Ã— waiting for element to be visible, enabled and stable\u001b[22m\n\u001b[2m      - element is visible, enabled and stable\u001b[22m\n\u001b[2m      - scrolling into view if needed\u001b[22m\n\u001b[2m      - done scrolling\u001b[22m\n\u001b[2m      - element is outside of the viewport\u001b[22m\n\u001b[2m    - retrying click action\u001b[22m\n\u001b[2m      - waiting 500ms\u001b[22m\n\n"
                        },
                        {
                          "text": "ğŸ§ª [TEST] ìƒí˜¸ì‘ìš© í…ŒìŠ¤íŠ¸ ì™„ë£Œ\n"
                        }
                      ],
                      "stderr": [],
                      "retry": 0,
                      "startTime": "2025-09-24T06:37:31.823Z",
                      "annotations": [],
                      "attachments": []
                    }
                  ],
                  "status": "expected"
                }
              ],
              "id": "2b80ba8fc4ef6b5ed590-7c8254136133479ad8b5",
              "file": "comprehensive-fortune.spec.js",
              "line": 119,
              "column": 3
            },
            {
              "title": "í¼ ì…ë ¥ ë° ë°ì´í„° ì œì¶œ í…ŒìŠ¤íŠ¸",
              "ok": true,
              "tags": [],
              "tests": [
                {
                  "timeout": 60000,
                  "annotations": [],
                  "expectedStatus": "passed",
                  "projectId": "chromium",
                  "projectName": "chromium",
                  "results": [
                    {
                      "workerIndex": 4,
                      "parallelIndex": 4,
                      "status": "passed",
                      "duration": 27879,
                      "errors": [],
                      "stdout": [
                        {
                          "text": "ğŸ”§ [AUTH] Setting up test authentication\n"
                        },
                        {
                          "text": "ğŸ”§ [AUTH] Test authentication setup completed\n"
                        },
                        {
                          "text": "ğŸ§ª [TEST] í¼ ì…ë ¥ í…ŒìŠ¤íŠ¸ ì‹œì‘\n"
                        },
                        {
                          "text": "ğŸ”§ [AUTH] Setting up test authentication\n"
                        },
                        {
                          "text": "ğŸ”§ [AUTH] Test authentication setup completed\n"
                        },
                        {
                          "text": "ğŸ”§ [AUTH] Bypassing login process\n"
                        },
                        {
                          "text": "ğŸ”§ [AUTH] Login bypass may have failed, continuing anyway: page.waitForFunction: Timeout 15000ms exceeded.\n"
                        },
                        {
                          "text": "ğŸ”§ [AUTH] Verifying authenticated state\n"
                        },
                        {
                          "text": "ğŸ”§ [AUTH] Authentication state: NOT AUTHENTICATED\n"
                        },
                        {
                          "text": "ğŸ”§ [AUTH] Authentication flow completed: PARTIAL/FAILED\n"
                        },
                        {
                          "text": "ğŸ”§ [TEST] ì…ë ¥ í•„ë“œ 0ê°œ ë°œê²¬\n"
                        },
                        {
                          "text": "ğŸ§ª [TEST] í¼ ì…ë ¥ í…ŒìŠ¤íŠ¸ ì™„ë£Œ\n"
                        }
                      ],
                      "stderr": [],
                      "retry": 0,
                      "startTime": "2025-09-24T06:37:31.825Z",
                      "annotations": [],
                      "attachments": []
                    }
                  ],
                  "status": "expected"
                }
              ],
              "id": "2b80ba8fc4ef6b5ed590-f6bc7d8248da86297161",
              "file": "comprehensive-fortune.spec.js",
              "line": 176,
              "column": 3
            },
            {
              "title": "ë„¤ë¹„ê²Œì´ì…˜ ë° í˜ì´ì§€ ì´ë™ í…ŒìŠ¤íŠ¸",
              "ok": true,
              "tags": [],
              "tests": [
                {
                  "timeout": 60000,
                  "annotations": [],
                  "expectedStatus": "passed",
                  "projectId": "chromium",
                  "projectName": "chromium",
                  "results": [
                    {
                      "workerIndex": 5,
                      "parallelIndex": 5,
                      "status": "passed",
                      "duration": 27748,
                      "errors": [],
                      "stdout": [
                        {
                          "text": "ğŸ”§ [AUTH] Setting up test authentication\n"
                        },
                        {
                          "text": "ğŸ”§ [AUTH] Test authentication setup completed\n"
                        },
                        {
                          "text": "ğŸ§ª [TEST] ë„¤ë¹„ê²Œì´ì…˜ í…ŒìŠ¤íŠ¸ ì‹œì‘\n"
                        },
                        {
                          "text": "ğŸ”§ [AUTH] Setting up test authentication\n"
                        },
                        {
                          "text": "ğŸ”§ [AUTH] Test authentication setup completed\n"
                        },
                        {
                          "text": "ğŸ”§ [AUTH] Bypassing login process\n"
                        },
                        {
                          "text": "ğŸ”§ [AUTH] Login bypass may have failed, continuing anyway: page.waitForFunction: Timeout 15000ms exceeded.\n"
                        },
                        {
                          "text": "ğŸ”§ [AUTH] Verifying authenticated state\n"
                        },
                        {
                          "text": "ğŸ”§ [AUTH] Authentication state: NOT AUTHENTICATED\n"
                        },
                        {
                          "text": "ğŸ”§ [AUTH] Authentication flow completed: PARTIAL/FAILED\n"
                        },
                        {
                          "text": "ğŸ”§ [TEST] ë„¤ë¹„ê²Œì´ì…˜ ìš”ì†Œë¥¼ ì°¾ì„ ìˆ˜ ì—†ìŒ - ë‹¨ì¼ í˜ì´ì§€ ì•±ì¼ ìˆ˜ ìˆìŒ\n"
                        },
                        {
                          "text": "ğŸ§ª [TEST] ë„¤ë¹„ê²Œì´ì…˜ í…ŒìŠ¤íŠ¸ ì™„ë£Œ\n"
                        }
                      ],
                      "stderr": [],
                      "retry": 0,
                      "startTime": "2025-09-24T06:37:31.826Z",
                      "annotations": [],
                      "attachments": []
                    }
                  ],
                  "status": "expected"
                }
              ],
              "id": "2b80ba8fc4ef6b5ed590-dc736e0dd1957437b9c2",
              "file": "comprehensive-fortune.spec.js",
              "line": 258,
              "column": 3
            },
            {
              "title": "ì—ëŸ¬ ì²˜ë¦¬ ë° ë³µêµ¬ í…ŒìŠ¤íŠ¸",
              "ok": true,
              "tags": [],
              "tests": [
                {
                  "timeout": 60000,
                  "annotations": [],
                  "expectedStatus": "passed",
                  "projectId": "chromium",
                  "projectName": "chromium",
                  "results": [
                    {
                      "workerIndex": 6,
                      "parallelIndex": 6,
                      "status": "passed",
                      "duration": 31674,
                      "errors": [],
                      "stdout": [
                        {
                          "text": "ğŸ”§ [AUTH] Setting up test authentication\n"
                        },
                        {
                          "text": "ğŸ”§ [AUTH] Test authentication setup completed\n"
                        },
                        {
                          "text": "ğŸ§ª [TEST] ì—ëŸ¬ ì²˜ë¦¬ í…ŒìŠ¤íŠ¸ ì‹œì‘\n"
                        },
                        {
                          "text": "ğŸ”§ [AUTH] Setting up test authentication\n"
                        },
                        {
                          "text": "ğŸ”§ [AUTH] Test authentication setup completed\n"
                        },
                        {
                          "text": "ğŸ”§ [AUTH] Bypassing login process\n"
                        },
                        {
                          "text": "ğŸ”§ [AUTH] Login bypass may have failed, continuing anyway: page.waitForFunction: Timeout 15000ms exceeded.\n"
                        },
                        {
                          "text": "ğŸ”§ [AUTH] Verifying authenticated state\n"
                        },
                        {
                          "text": "ğŸ”§ [AUTH] Authentication state: NOT AUTHENTICATED\n"
                        },
                        {
                          "text": "ğŸ”§ [AUTH] Authentication flow completed: PARTIAL/FAILED\n"
                        },
                        {
                          "text": "ğŸ”§ [TEST] ì´ í˜ì´ì§€ ì—ëŸ¬: 0ê°œ\n"
                        },
                        {
                          "text": "ğŸ”§ [TEST] ì´ ë„¤íŠ¸ì›Œí¬ ì—ëŸ¬: 0ê°œ\n"
                        },
                        {
                          "text": "ğŸ§ª [TEST] ì—ëŸ¬ ì²˜ë¦¬ í…ŒìŠ¤íŠ¸ ì™„ë£Œ\n"
                        }
                      ],
                      "stderr": [],
                      "retry": 0,
                      "startTime": "2025-09-24T06:37:31.834Z",
                      "annotations": [],
                      "attachments": []
                    }
                  ],
                  "status": "expected"
                }
              ],
              "id": "2b80ba8fc4ef6b5ed590-ea8a873d75fc351011ad",
              "file": "comprehensive-fortune.spec.js",
              "line": 327,
              "column": 3
            }
          ]
        }
      ]
    },
    {
      "title": "e2e/auth.spec.js",
      "file": "e2e/auth.spec.js",
      "column": 0,
      "line": 0,
      "specs": [],
      "suites": [
        {
          "title": "Authentication Flow",
          "file": "e2e/auth.spec.js",
          "line": 5,
          "column": 6,
          "specs": [
            {
              "title": "should bypass login in test mode",
              "ok": true,
              "tags": [],
              "tests": [
                {
                  "timeout": 60000,
                  "annotations": [],
                  "expectedStatus": "passed",
                  "projectId": "chromium",
                  "projectName": "chromium",
                  "results": [
                    {
                      "workerIndex": 0,
                      "parallelIndex": 0,
                      "status": "passed",
                      "duration": 8908,
                      "errors": [],
                      "stdout": [
                        {
                          "text": "ğŸ§ª [TEST] Starting auth bypass test\n"
                        },
                        {
                          "text": "ğŸ”§ [AUTH] Setting up test authentication\n"
                        },
                        {
                          "text": "ğŸ”§ [AUTH] Test authentication setup completed\n"
                        },
                        {
                          "text": "ğŸ”§ [TEST] Landing page not found - auth bypass likely working\n"
                        },
                        {
                          "text": "ğŸ§ª [TEST] Auth bypass test completed\n"
                        }
                      ],
                      "stderr": [],
                      "retry": 0,
                      "startTime": "2025-09-24T06:37:49.993Z",
                      "annotations": [],
                      "attachments": []
                    }
                  ],
                  "status": "expected"
                }
              ],
              "id": "befb461a1b20d77baf9a-83470a6478961d989692",
              "file": "e2e/auth.spec.js",
              "line": 12,
              "column": 3
            },
            {
              "title": "should handle test authentication state",
              "ok": true,
              "tags": [],
              "tests": [
                {
                  "timeout": 60000,
                  "annotations": [],
                  "expectedStatus": "passed",
                  "projectId": "chromium",
                  "projectName": "chromium",
                  "results": [
                    {
                      "workerIndex": 2,
                      "parallelIndex": 2,
                      "status": "passed",
                      "duration": 23937,
                      "errors": [],
                      "stdout": [
                        {
                          "text": "ğŸ§ª [TEST] Starting authentication state test\n"
                        },
                        {
                          "text": "ğŸ”§ [AUTH] Setting up test authentication\n"
                        },
                        {
                          "text": "ğŸ”§ [AUTH] Test authentication setup completed\n"
                        },
                        {
                          "text": "ğŸ”§ [AUTH] Bypassing login process\n"
                        },
                        {
                          "text": "ğŸ”§ [AUTH] Login bypass may have failed, continuing anyway: page.waitForFunction: Timeout 15000ms exceeded.\n"
                        },
                        {
                          "text": "ğŸ”§ [AUTH] Verifying authenticated state\n"
                        },
                        {
                          "text": "ğŸ”§ [AUTH] Authentication state: NOT AUTHENTICATED\n"
                        },
                        {
                          "text": "ğŸ”§ [AUTH] Authentication flow completed: PARTIAL/FAILED\n"
                        },
                        {
                          "text": "ğŸ”§ [TEST] Page title: Fortune - ìš´ì„¸ ì„œë¹„ìŠ¤\n"
                        },
                        {
                          "text": "ğŸ”§ [TEST] Authentication detected: true\n"
                        },
                        {
                          "text": "ğŸ§ª [TEST] Authentication state test completed\n"
                        }
                      ],
                      "stderr": [],
                      "retry": 0,
                      "startTime": "2025-09-24T06:37:58.858Z",
                      "annotations": [],
                      "attachments": []
                    }
                  ],
                  "status": "expected"
                }
              ],
              "id": "befb461a1b20d77baf9a-58b64f748abb501d0731",
              "file": "e2e/auth.spec.js",
              "line": 43,
              "column": 3
            },
            {
              "title": "should navigate app after authentication",
              "ok": true,
              "tags": [],
              "tests": [
                {
                  "timeout": 60000,
                  "annotations": [],
                  "expectedStatus": "passed",
                  "projectId": "chromium",
                  "projectName": "chromium",
                  "results": [
                    {
                      "workerIndex": 0,
                      "parallelIndex": 0,
                      "status": "passed",
                      "duration": 24739,
                      "errors": [],
                      "stdout": [
                        {
                          "text": "ğŸ§ª [TEST] Starting navigation test\n"
                        },
                        {
                          "text": "ğŸ”§ [AUTH] Setting up test authentication\n"
                        },
                        {
                          "text": "ğŸ”§ [AUTH] Test authentication setup completed\n"
                        },
                        {
                          "text": "ğŸ”§ [AUTH] Bypassing login process\n"
                        },
                        {
                          "text": "ğŸ”§ [AUTH] Login bypass may have failed, continuing anyway: page.waitForFunction: Timeout 15000ms exceeded.\n"
                        },
                        {
                          "text": "ğŸ”§ [AUTH] Verifying authenticated state\n"
                        },
                        {
                          "text": "ğŸ”§ [AUTH] Authentication state: NOT AUTHENTICATED\n"
                        },
                        {
                          "text": "ğŸ”§ [AUTH] Authentication flow completed: PARTIAL/FAILED\n"
                        },
                        {
                          "text": "ğŸ”§ [TEST] Found 0 navigation elements\n"
                        },
                        {
                          "text": "ğŸ”§ [TEST] Found 0 buttons and 0 links\n"
                        },
                        {
                          "text": "ğŸ§ª [TEST] Navigation test completed\n"
                        }
                      ],
                      "stderr": [],
                      "retry": 0,
                      "startTime": "2025-09-24T06:37:58.907Z",
                      "annotations": [],
                      "attachments": []
                    }
                  ],
                  "status": "expected"
                }
              ],
              "id": "befb461a1b20d77baf9a-11f8b9d01aacd2a1efd0",
              "file": "e2e/auth.spec.js",
              "line": 76,
              "column": 3
            }
          ]
        }
      ]
    },
    {
      "title": "e2e/fortune.spec.js",
      "file": "e2e/fortune.spec.js",
      "column": 0,
      "line": 0,
      "specs": [],
      "suites": [
        {
          "title": "Fortune Generation Flow",
          "file": "e2e/fortune.spec.js",
          "line": 5,
          "column": 6,
          "specs": [
            {
              "title": "should access fortune features after authentication",
              "ok": false,
              "tags": [],
              "tests": [
                {
                  "timeout": 60000,
                  "annotations": [],
                  "expectedStatus": "passed",
                  "projectId": "chromium",
                  "projectName": "chromium",
                  "results": [
                    {
                      "workerIndex": 5,
                      "parallelIndex": 5,
                      "status": "failed",
                      "duration": 28526,
                      "error": {
                        "message": "Error: \u001b[2mexpect(\u001b[22m\u001b[31mreceived\u001b[39m\u001b[2m).\u001b[22mtoBeGreaterThan\u001b[2m(\u001b[22m\u001b[32mexpected\u001b[39m\u001b[2m)\u001b[22m\n\nExpected: > \u001b[32m0\u001b[39m\nReceived:   \u001b[31m0\u001b[39m",
                        "stack": "Error: \u001b[2mexpect(\u001b[22m\u001b[31mreceived\u001b[39m\u001b[2m).\u001b[22mtoBeGreaterThan\u001b[2m(\u001b[22m\u001b[32mexpected\u001b[39m\u001b[2m)\u001b[22m\n\nExpected: > \u001b[32m0\u001b[39m\nReceived:   \u001b[31m0\u001b[39m\n    at /Users/jacobmac/Desktop/Dev/fortune/playwright/tests/e2e/fortune.spec.js:44:34",
                        "location": {
                          "file": "/Users/jacobmac/Desktop/Dev/fortune/playwright/tests/e2e/fortune.spec.js",
                          "column": 34,
                          "line": 44
                        },
                        "snippet": "  42 |\n  43 |     // Basic expectations\n> 44 |     expect(foundKeywords.length).toBeGreaterThan(0);\n     |                                  ^\n  45 |     expect(buttons).toBeGreaterThan(0);\n  46 |\n  47 |     console.log('ğŸ§ª [TEST] Fortune access test completed');"
                      },
                      "errors": [
                        {
                          "location": {
                            "file": "/Users/jacobmac/Desktop/Dev/fortune/playwright/tests/e2e/fortune.spec.js",
                            "column": 34,
                            "line": 44
                          },
                          "message": "Error: \u001b[2mexpect(\u001b[22m\u001b[31mreceived\u001b[39m\u001b[2m).\u001b[22mtoBeGreaterThan\u001b[2m(\u001b[22m\u001b[32mexpected\u001b[39m\u001b[2m)\u001b[22m\n\nExpected: > \u001b[32m0\u001b[39m\nReceived:   \u001b[31m0\u001b[39m\n\n  42 |\n  43 |     // Basic expectations\n> 44 |     expect(foundKeywords.length).toBeGreaterThan(0);\n     |                                  ^\n  45 |     expect(buttons).toBeGreaterThan(0);\n  46 |\n  47 |     console.log('ğŸ§ª [TEST] Fortune access test completed');\n    at /Users/jacobmac/Desktop/Dev/fortune/playwright/tests/e2e/fortune.spec.js:44:34"
                        }
                      ],
                      "stdout": [
                        {
                          "text": "ğŸ”§ [AUTH] Setting up test authentication\n"
                        },
                        {
                          "text": "ğŸ”§ [AUTH] Test authentication setup completed\n"
                        },
                        {
                          "text": "ğŸ”§ [AUTH] Bypassing login process\n"
                        },
                        {
                          "text": "ğŸ”§ [AUTH] Login bypass may have failed, continuing anyway: page.waitForFunction: Timeout 15000ms exceeded.\n"
                        },
                        {
                          "text": "ğŸ”§ [AUTH] Verifying authenticated state\n"
                        },
                        {
                          "text": "ğŸ”§ [AUTH] Authentication state: NOT AUTHENTICATED\n"
                        },
                        {
                          "text": "ğŸ”§ [AUTH] Authentication flow completed: PARTIAL/FAILED\n"
                        },
                        {
                          "text": "ğŸ§ª [TEST] Starting fortune access test\n"
                        },
                        {
                          "text": "ğŸ”§ [TEST] Found fortune keywords: \n"
                        },
                        {
                          "text": "ğŸ”§ [TEST] Found 0 buttons\n"
                        },
                        {
                          "text": "ğŸ”§ [TEST] Found 0 potential fortune elements\n"
                        }
                      ],
                      "stderr": [],
                      "retry": 0,
                      "startTime": "2025-09-24T06:37:59.770Z",
                      "annotations": [],
                      "attachments": [
                        {
                          "name": "screenshot",
                          "contentType": "image/png",
                          "path": "/Users/jacobmac/Desktop/Dev/fortune/test-results/e2e-fortune-Fortune-Genera-4617e-atures-after-authentication-chromium/test-failed-1.png"
                        },
                        {
                          "name": "video",
                          "contentType": "video/webm",
                          "path": "/Users/jacobmac/Desktop/Dev/fortune/test-results/e2e-fortune-Fortune-Genera-4617e-atures-after-authentication-chromium/video.webm"
                        },
                        {
                          "name": "error-context",
                          "contentType": "text/markdown",
                          "path": "/Users/jacobmac/Desktop/Dev/fortune/test-results/e2e-fortune-Fortune-Genera-4617e-atures-after-authentication-chromium/error-context.md"
                        }
                      ],
                      "errorLocation": {
                        "file": "/Users/jacobmac/Desktop/Dev/fortune/playwright/tests/e2e/fortune.spec.js",
                        "column": 34,
                        "line": 44
                      }
                    }
                  ],
                  "status": "unexpected"
                }
              ],
              "id": "e0fca25aa87f3e82ddec-ad13b8debf177c6d3874",
              "file": "e2e/fortune.spec.js",
              "line": 14,
              "column": 3
            },
            {
              "title": "should interact with fortune generation",
              "ok": true,
              "tags": [],
              "tests": [
                {
                  "timeout": 60000,
                  "annotations": [],
                  "expectedStatus": "passed",
                  "projectId": "chromium",
                  "projectName": "chromium",
                  "results": [
                    {
                      "workerIndex": 4,
                      "parallelIndex": 4,
                      "status": "passed",
                      "duration": 41379,
                      "errors": [],
                      "stdout": [
                        {
                          "text": "ğŸ”§ [AUTH] Setting up test authentication\n"
                        },
                        {
                          "text": "ğŸ”§ [AUTH] Test authentication setup completed\n"
                        },
                        {
                          "text": "ğŸ”§ [AUTH] Bypassing login process\n"
                        },
                        {
                          "text": "ğŸ”§ [AUTH] Login bypass may have failed, continuing anyway: page.waitForFunction: Timeout 15000ms exceeded.\n"
                        },
                        {
                          "text": "ğŸ”§ [AUTH] Verifying authenticated state\n"
                        },
                        {
                          "text": "ğŸ”§ [AUTH] Authentication state: NOT AUTHENTICATED\n"
                        },
                        {
                          "text": "ğŸ”§ [AUTH] Authentication flow completed: PARTIAL/FAILED\n"
                        },
                        {
                          "text": "ğŸ§ª [TEST] Starting fortune interaction test\n"
                        },
                        {
                          "text": "ğŸ”§ [TEST] Found 1 clickable elements\n"
                        },
                        {
                          "text": "ğŸ”§ [TEST] Clicking element 1\n"
                        },
                        {
                          "text": "ğŸ”§ [TEST] Failed to click element 1: locator.click: Timeout 15000ms exceeded.\nCall log:\n\u001b[2m  - waiting for locator('button, [role=\"button\"], .clickable, [class*=\"card\"]').first()\u001b[22m\n\u001b[2m    - locator resolved to <flt-semantics-placeholder tabindex=\"0\" role=\"button\" aria-live=\"polite\" aria-label=\"Enable accessibility\"></flt-semantics-placeholder>\u001b[22m\n\u001b[2m  - attempting click action\u001b[22m\n\u001b[2m    2 Ã— waiting for element to be visible, enabled and stable\u001b[22m\n\u001b[2m      - element is visible, enabled and stable\u001b[22m\n\u001b[2m      - scrolling into view if needed\u001b[22m\n\u001b[2m      - done scrolling\u001b[22m\n\u001b[2m      - element is outside of the viewport\u001b[22m\n\u001b[2m    - retrying click action\u001b[22m\n\u001b[2m    - waiting 20ms\u001b[22m\n\u001b[2m    2 Ã— waiting for element to be visible, enabled and stable\u001b[22m\n\u001b[2m      - element is visible, enabled and stable\u001b[22m\n\u001b[2m      - scrolling into view if needed\u001b[22m\n\u001b[2m      - done scrolling\u001b[22m\n\u001b[2m      - element is outside of the viewport\u001b[22m\n\u001b[2m    - retrying click action\u001b[22m\n\u001b[2m      - waiting 100ms\u001b[22m\n\u001b[2m    28 Ã— waiting for element to be visible, enabled and stable\u001b[22m\n\u001b[2m       - element is visible, enabled and stable\u001b[22m\n\u001b[2m       - scrolling into view if needed\u001b[22m\n\u001b[2m       - done scrolling\u001b[22m\n\u001b[2m       - element is outside of the viewport\u001b[22m\n\u001b[2m     - retrying click action\u001b[22m\n\u001b[2m       - waiting 500ms\u001b[22m\n\n"
                        },
                        {
                          "text": "ğŸ”§ [TEST] Found 0 modal elements\n"
                        },
                        {
                          "text": "ğŸ§ª [TEST] Fortune interaction test completed\n"
                        }
                      ],
                      "stderr": [],
                      "retry": 0,
                      "startTime": "2025-09-24T06:37:59.917Z",
                      "annotations": [],
                      "attachments": []
                    }
                  ],
                  "status": "expected"
                }
              ],
              "id": "e0fca25aa87f3e82ddec-fc53d481e434eefef346",
              "file": "e2e/fortune.spec.js",
              "line": 50,
              "column": 3
            },
            {
              "title": "should handle fortune generation flow",
              "ok": true,
              "tags": [],
              "tests": [
                {
                  "timeout": 60000,
                  "annotations": [],
                  "expectedStatus": "passed",
                  "projectId": "chromium",
                  "projectName": "chromium",
                  "results": [
                    {
                      "workerIndex": 1,
                      "parallelIndex": 1,
                      "status": "passed",
                      "duration": 25867,
                      "errors": [],
                      "stdout": [
                        {
                          "text": "ğŸ”§ [AUTH] Setting up test authentication\n"
                        },
                        {
                          "text": "ğŸ”§ [AUTH] Test authentication setup completed\n"
                        },
                        {
                          "text": "ğŸ”§ [AUTH] Bypassing login process\n"
                        },
                        {
                          "text": "ğŸ”§ [AUTH] Login bypass may have failed, continuing anyway: page.waitForFunction: Timeout 15000ms exceeded.\n"
                        },
                        {
                          "text": "ğŸ”§ [AUTH] Verifying authenticated state\n"
                        },
                        {
                          "text": "ğŸ”§ [AUTH] Authentication state: NOT AUTHENTICATED\n"
                        },
                        {
                          "text": "ğŸ”§ [AUTH] Authentication flow completed: PARTIAL/FAILED\n"
                        },
                        {
                          "text": "ğŸ§ª [TEST] Starting fortune generation flow test\n"
                        },
                        {
                          "text": "ğŸ”§ [TEST] Found 0 input elements\n"
                        },
                        {
                          "text": "ğŸ”§ [TEST] Found 0 submit buttons\n"
                        },
                        {
                          "text": "ğŸ§ª [TEST] Fortune generation flow test completed\n"
                        }
                      ],
                      "stderr": [],
                      "retry": 0,
                      "startTime": "2025-09-24T06:38:00.049Z",
                      "annotations": [],
                      "attachments": []
                    }
                  ],
                  "status": "expected"
                }
              ],
              "id": "e0fca25aa87f3e82ddec-c3a3d0d9200b9a09685b",
              "file": "e2e/fortune.spec.js",
              "line": 86,
              "column": 3
            }
          ]
        }
      ]
    },
    {
      "title": "simple-test.spec.js",
      "file": "simple-test.spec.js",
      "column": 0,
      "line": 0,
      "specs": [],
      "suites": [
        {
          "title": "Fortune App Direct Testing",
          "file": "simple-test.spec.js",
          "line": 4,
          "column": 6,
          "specs": [
            {
              "title": "should test app functionality without Flutter server",
              "ok": true,
              "tags": [],
              "tests": [
                {
                  "timeout": 60000,
                  "annotations": [],
                  "expectedStatus": "passed",
                  "projectId": "chromium",
                  "projectName": "chromium",
                  "results": [
                    {
                      "workerIndex": 6,
                      "parallelIndex": 6,
                      "status": "passed",
                      "duration": 9291,
                      "errors": [],
                      "stdout": [
                        {
                          "text": "ğŸ§ª [TEST] Starting direct app test\n"
                        },
                        {
                          "text": "ğŸ”§ [PLAYWRIGHT] Attempting to connect to localhost:3000\n"
                        },
                        {
                          "text": "ğŸ”§ [PLAYWRIGHT] Connected to app successfully\n"
                        },
                        {
                          "text": "ğŸ”§ [PLAYWRIGHT] Page title: \"Fortune - ìš´ì„¸ ì„œë¹„ìŠ¤\"\n"
                        },
                        {
                          "text": "ğŸ”§ [PLAYWRIGHT] Body length: 2441 characters\n"
                        },
                        {
                          "text": "ğŸ”§ [PLAYWRIGHT] Found keywords: Fortune\n"
                        },
                        {
                          "text": "ğŸ”§ [PLAYWRIGHT] Interactive elements: 0 buttons, 0 links, 0 inputs\n"
                        },
                        {
                          "text": "ğŸ§ª [TEST] Direct app test completed successfully\n"
                        }
                      ],
                      "stderr": [],
                      "retry": 0,
                      "startTime": "2025-09-24T06:38:03.696Z",
                      "annotations": [],
                      "attachments": []
                    }
                  ],
                  "status": "expected"
                }
              ],
              "id": "bb9f026ced01f7d22821-83bbd0ee9131eac67011",
              "file": "simple-test.spec.js",
              "line": 5,
              "column": 3
            },
            {
              "title": "should test with a simple web page",
              "ok": true,
              "tags": [],
              "tests": [
                {
                  "timeout": 60000,
                  "annotations": [],
                  "expectedStatus": "passed",
                  "projectId": "chromium",
                  "projectName": "chromium",
                  "results": [
                    {
                      "workerIndex": 3,
                      "parallelIndex": 3,
                      "status": "passed",
                      "duration": 700,
                      "errors": [],
                      "stdout": [
                        {
                          "text": "ğŸ§ª [TEST] Starting simple web page test\n"
                        },
                        {
                          "text": "ğŸ”§ [PLAYWRIGHT] Test result: ğŸ”§ í…ŒìŠ¤íŠ¸ ìš´ì„¸: ì˜¤ëŠ˜ì€ í…ŒìŠ¤íŠ¸í•˜ê¸° ì¢‹ì€ ë‚ ì…ë‹ˆë‹¤!\n"
                        },
                        {
                          "text": "ğŸ§ª [TEST] Simple web page test completed\n"
                        }
                      ],
                      "stderr": [],
                      "retry": 0,
                      "startTime": "2025-09-24T06:38:04.763Z",
                      "annotations": [],
                      "attachments": []
                    }
                  ],
                  "status": "expected"
                }
              ],
              "id": "bb9f026ced01f7d22821-57f585fa6aed59907299",
              "file": "simple-test.spec.js",
              "line": 98,
              "column": 3
            }
          ]
        }
      ]
    }
  ],
  "errors": [],
  "stats": {
    "startTime": "2025-09-24T06:37:31.478Z",
    "duration": 69858.54,
    "expected": 14,
    "skipped": 0,
    "unexpected": 1,
    "flaky": 0
  }
}